Started GET "/" for 127.0.0.1 at 2017-07-17 15:08:11 -0300
Processing by ApplicationController#hello as HTML
Completed 500 Internal Server Error in 165ms


  
NoMethodError (undefined method `raise_in_transactional_callbacks=' for ActiveRecord::Base:Class):
  
app/controllers/application_controller.rb:5:in `hello'
Started GET "/" for 127.0.0.1 at 2017-07-17 15:12:08 -0300
Processing by ApplicationController#hello as HTML
Completed 500 Internal Server Error in 138ms


  
NoMethodError (undefined method `raise_in_transactional_callbacks=' for ActiveRecord::Base:Class):
  
app/controllers/application_controller.rb:5:in `hello'
Started GET "/" for 127.0.0.1 at 2017-07-17 15:14:55 -0300
Processing by ApplicationController#hello as HTML
Completed 500 Internal Server Error in 134ms


  
NoMethodError (undefined method `raise_in_transactional_callbacks=' for ActiveRecord::Base:Class):
  
app/controllers/application_controller.rb:5:in `hello'
Started GET "/" for 127.0.0.1 at 2017-07-17 15:37:37 -0300
Processing by ApplicationController#hello as HTML
Completed 500 Internal Server Error in 151ms


  
NoMethodError (undefined method `raise_in_transactional_callbacks=' for ActiveRecord::Base:Class):
  
app/controllers/application_controller.rb:5:in `hello'
Started GET "/" for 127.0.0.1 at 2017-07-17 15:40:14 -0300
Processing by ApplicationController#hello as HTML
  Rendering html template
  Rendered html template (0.1ms)
Completed 200 OK in 148ms (Views: 13.7ms)


Started GET "/" for 127.0.0.1 at 2017-07-18 14:55:36 -0300
Processing by ApplicationController#hello as HTML
  Rendering html template
  Rendered html template (0.0ms)
Completed 200 OK in 200ms (Views: 8.5ms)


